1510704422633:add
1510704432409:add 5
1510704435440:add 5 2
1510704934086:Subtract 4 3
1510704946253:subtract
1510704954926:subtract 4 3
1510704975661:subtract2
1510704979421:subtract3
1510705496930:add 1 7
1510705515761:add sum 1 4
1510705520481:sum 1 4
1510705780904:sum 1 2
1510705791663:sum -f2 10 2
1510705979078:help
1510706109718:sum 2 3
1510706119005:add 2 3
1510706408636:Run my bigram
1510706412579:bigram
1510706432579:bigram 7 9
1510708062344:bigram
1510708067751:biram 5 6
1510708074126:bigram 5 6
1510708494308:bigram
1510710531315:getWord 5
1510710542898:word# 5
1510710558939:bigram
1510710877816:word# 1
1510710993297:bigram
1510711016704:word# 0
1510711029258:word#2
1510711033647:word# 2
